<?xml version="1.0" encoding="UTF-8"?>
<!-- Generated by org.testng.reporters.JUnitXMLReporter -->
<testsuite hostname="PRINHYLTPDL0819" name="Write new post" tests="2" failures="1" timestamp="25 Oct 2018 10:10:14 GMT" time="45.805" errors="0">
  <testcase name="LoginSuccessTC" time="30.962" classname="hackathon.demo.TestClass"/>
  <testcase name="LoginFailTC" time="3.472" classname="hackathon.demo.TestClass">
    <failure type="java.lang.AssertionError" message="expected [Nielsen Studio] but found [Nielsen Studio » Log in]">
      <![CDATA[java.lang.AssertionError: expected [Nielsen Studio] but found [Nielsen Studio » Log in]
	at hackathon.demo.TestClass.LoginFailTC(TestClass.java:47)
	at org.apache.maven.surefire.testng.TestNGExecutor.run(TestNGExecutor.java:283)
	at org.apache.maven.surefire.testng.TestNGXmlTestSuite.execute(TestNGXmlTestSuite.java:75)
	at org.apache.maven.surefire.testng.TestNGProvider.invoke(TestNGProvider.java:120)
	at org.apache.maven.surefire.booter.ForkedBooter.invokeProviderInSameClassLoader(ForkedBooter.java:386)
	at org.apache.maven.surefire.booter.ForkedBooter.runSuitesInProcess(ForkedBooter.java:323)
	at org.apache.maven.surefire.booter.ForkedBooter.main(ForkedBooter.java:143)
... Removed 26 stack frames]]>
    </failure>
  </testcase> <!-- LoginFailTC -->
</testsuite> <!-- Write new post -->
