-------------------------------------------------------------------------------
Test set: TestSuite
-------------------------------------------------------------------------------
Tests run: 2, Failures: 1, Errors: 0, Skipped: 0, Time elapsed: 47.073 s <<< FAILURE! - in TestSuite
LoginFailTC(hackathon.demo.TestClass)  Time elapsed: 4.087 s  <<< FAILURE!
java.lang.AssertionError: expected [Nielsen Studio] but found [Nielsen Studio » Log in]
	at hackathon.demo.TestClass.LoginFailTC(TestClass.java:47)

